2023-01-27 15:03:22,983 INFO [default] My first info log using default logger
2023-01-28 11:46:34,696 INFO [default] 新增菜品: 

2023-01-28 11:48:10,888 INFO [default] 新增菜品: 

2023-01-28 11:49:33,879 INFO [default] 新增菜品: {"query":"\n    query IntrospectionQuery {\n      __schema {\n        queryType { name }\n        mutationType { name }\n        subscriptionType { name }\n        types {\n          ...FullType\n        }\n        directives {\n          name\n          description\n          locations\n          args {\n            ...InputValue\n          }\n        }\n      }\n    }\n\n    fragment FullType on __Type {\n      kind\n      name\n      description\n      fields(includeDeprecated: true) {\n        name\n        description\n        args {\n          ...InputValue\n        }\n        type {\n          ...TypeRef\n        }\n        isDeprecated\n        deprecationReason\n      }\n      inputFields {\n        ...InputValue\n      }\n      interfaces {\n        ...TypeRef\n      }\n      enumValues(includeDeprecated: true) {\n        name\n        description\n        isDeprecated\n        deprecationReason\n      }\n      possibleTypes {\n        ...TypeRef\n      }\n    }\n\n    fragment InputValue on __InputValue {\n      name\n      description\n      type { ...TypeRef }\n      defaultValue\n    }\n\n    fragment TypeRef on __Type {\n      kind\n      name\n      ofType {\n        kind\n        name\n        ofType {\n          kind\n          name\n          ofType {\n            kind\n            name\n            ofType {\n              kind\n              name\n              ofType {\n                kind\n                name\n                ofType {\n                  kind\n                  name\n                  ofType {\n                    kind\n                    name\n                  }\n                }\n              }\n            }\n          }\n        }\n      }\n    }\n  "}

2023-01-28 11:53:24,291 INFO [default] 新增菜品: 

2023-01-28 11:54:33,384 INFO [default] 新增菜品: { 
 	"name": "宫保鸡丁", 
 	"price": 1800 
} 

2023-01-28 12:14:55,161 INFO [default] 查看所有菜品: 

2023-01-28 12:17:23,767 INFO [default] 删除指定菜品: 2

2023-01-28 12:17:58,770 INFO [default] 修改菜品 4|{ 
 	"name": "京酱肉丝", 
 	"price": 1900 
} 

2023-01-28 12:18:06,065 INFO [default] 查看所有菜品: 

2023-01-28 12:18:32,295 INFO [default] 查看所有订单: 

2023-01-28 12:18:49,354 INFO [default] 新增订单: { 
 	"table_id": "1", 
 	"time": "2019-05-15 12:00", 
 	"dish_ids": [1, 2] 
} 

2023-01-28 12:20:16,928 INFO [default] 新增订单: { 
 	"table_id": "1", 
 	"time": "2019-05-15 12:00", 
 	"dish_ids": [1, 2] 
} 

2023-01-28 12:21:23,570 INFO [default] 查看所有菜品: 

2023-01-28 12:24:21,641 INFO [default] 查看所有菜品: 

2023-01-28 12:26:26,224 INFO [default] 新增订单: { 
 	"table_id": "1", 
 	"time": "2019-05-15 12:00", 
 	"dish_ids": [1, 2] 
} 

2023-01-28 12:30:02,902 INFO [default] 新增订单: { 
 	"table_id": "1", 
 	"time": "2019-05-15 12:00", 
 	"dish_ids": [1, 2] 
} 

2023-01-28 12:31:43,167 INFO [default] 查看所有菜品: 

2023-01-28 12:35:41,980 INFO [default] 新增订单: { 
 	"table_id": "1", 
 	"time": "2019-05-15 12:00", 
 	"dish_ids": [1, 2] 
} 

2023-01-28 12:36:22,760 INFO [default] 查看所有菜品: 

2023-01-28 12:41:39,172 INFO [default] 新增订单: { 
 	"table_id": "1", 
 	"time": "2019-05-15 12:00", 
 	"dish_ids": [1, 2] 
} 

2023-01-28 12:49:24,865 INFO [default] 新增订单: { 
 	"table_id": "1", 
 	"time": "2019-05-15 12:00", 
 	"dish_ids": [1, 2] 
} 

2023-01-28 12:50:30,159 INFO [default] 修改菜品 1|
{ 
 	"state": 0, 
} 

2023-01-28 12:50:46,967 INFO [default] 修改菜品 1|{ 
 	"state": 0, 
} 

2023-01-28 12:51:35,240 INFO [default] 修改菜品 1|{ 
 	"state": 0 
} 

2023-01-28 12:56:23,803 INFO [default] 修改菜品 1|{ 
 	"state":0 
}

2023-01-28 12:57:50,196 INFO [default] 修改菜品 1|{
    "state":0
}

2023-01-28 12:58:51,257 INFO [default] 修改菜品 1|{
    "state":0
}

2023-01-28 13:08:42,021 INFO [default] 修改菜品 1|{
    "state":0
}

2023-01-28 13:09:50,551 INFO [default] 查看所有订单: 

2023-01-28 13:09:50,553 INFO [default] 处理第 0 个订单 ing

2023-01-28 13:09:50,553 ERROR [default] order_id: 1 has error dish_ids_str!

2023-01-28 13:19:56,594 INFO [default] 查看所有订单: 

2023-01-28 13:19:56,617 INFO [default] 处理第 0 个订单 ing

2023-01-28 13:19:56,617 INFO [default] 处理第 0 个菜品

2023-01-28 13:19:56,624 INFO [default] 处理第 1 个菜品

2023-01-28 13:19:56,626 ERROR [default] dish_id = 2 not found!

2023-01-28 13:21:08,758 INFO [default] 查看所有订单: 

2023-01-28 13:21:08,759 INFO [default] 处理第 0 个订单 ing

2023-01-28 13:21:08,760 INFO [default] 处理第 0 个菜品

2023-01-28 13:21:08,760 INFO [default] 处理第 1 个菜品

2023-02-15 13:26:49,740 INFO [default] 查看所有菜品: 

2023-02-15 13:27:12,204 INFO [default] 新增菜品: { 
 	"name": "宫保鸡丁", 
 	"price": 1800 
} 

2023-02-15 13:27:50,512 INFO [default] 查看所有菜品: 

2023-02-15 13:29:39,749 INFO [default] 删除指定菜品: 8

2023-02-15 13:30:27,040 INFO [default] 修改菜品 5|{ 
 	"name": "京酱肉丝", 
 	"price": 1900 
} 

2023-02-15 13:30:57,592 INFO [default] 新增订单: { 
 	"table_id": "1", 
 	"time": "2019-05-15 12:00", 
 	"dish_ids": [1, 2] 
} 

2023-02-15 13:32:14,480 INFO [default] 修改菜品 4|{ 
 	"state": 0
} 

2023-02-15 13:32:37,942 INFO [default] 查看所有订单: 

2023-02-15 13:32:37,944 INFO [default] 处理第 0 个订单 ing

2023-02-15 13:32:37,944 INFO [default] 处理第 0 个菜品

2023-02-15 13:32:37,949 INFO [default] 处理第 1 个菜品

2023-02-15 13:32:37,951 INFO [default] 处理第 1 个订单 ing

2023-02-15 13:32:37,951 INFO [default] 处理第 0 个菜品

2023-02-15 13:32:37,952 INFO [default] 处理第 1 个菜品

2023-02-15 13:32:37,954 ERROR [default] dish_id = 2 not found!

2023-02-18 11:45:29,905 INFO [default] 查看所有菜品: 

2023-02-18 11:45:51,240 INFO [default] 查看所有订单: 

2023-02-18 11:45:51,243 INFO [default] 处理第 0 个订单 ing

2023-02-18 11:45:51,243 INFO [default] 处理第 0 个菜品

2023-02-18 11:45:51,248 INFO [default] 处理第 1 个菜品

2023-02-18 11:45:51,249 INFO [default] 处理第 1 个订单 ing

2023-02-18 11:45:51,249 INFO [default] 处理第 0 个菜品

2023-02-18 11:45:51,251 INFO [default] 处理第 1 个菜品

2023-02-18 11:45:51,253 ERROR [default] dish_id = 2 not found!

2023-02-18 12:40:02,380 INFO [default] 查看所有菜品: 

2023-02-18 12:40:17,804 INFO [default] 查看所有菜品: 

2023-02-18 12:44:21,520 INFO [default] 查看所有菜品: 

2023-02-18 12:45:41,521 INFO [default] 查看所有菜品: 

2023-02-18 12:55:14,329 INFO [default] 查看所有菜品: 

2023-02-18 12:57:40,689 INFO [default] 新增菜品: 

2023-02-18 12:57:52,999 INFO [default] 查看所有菜品: 

2023-02-18 12:58:50,865 INFO [default] 查看所有菜品: 

2023-02-18 13:02:33,705 INFO [default] 查看所有菜品: 

2023-02-18 13:03:22,661 INFO [default] 查看所有菜品: 

2023-02-18 13:04:38,709 INFO [default] 查看所有菜品: 

2023-02-18 13:08:19,742 INFO [default] 查看所有菜品: 

2023-02-18 13:08:36,358 INFO [default] 查看所有菜品: 

2023-02-18 13:11:26,303 INFO [default] 查看所有菜品: 

2023-02-18 13:11:35,388 INFO [default] 查看所有菜品: 

2023-02-18 13:12:04,098 INFO [default] 查看所有菜品: 

2023-02-18 13:12:25,100 INFO [default] 查看所有菜品: 

2023-02-18 13:14:40,002 INFO [default] 查看所有菜品: 

2023-02-18 13:15:57,306 INFO [default] 查看所有菜品: 

2023-02-18 13:16:15,217 INFO [default] 查看所有菜品: 

2023-02-18 13:16:55,390 INFO [default] 查看所有菜品: 

2023-02-18 13:18:07,900 INFO [default] 查看所有菜品: 

2023-02-18 13:18:30,452 INFO [default] 查看所有菜品: 

2023-02-18 13:20:30,389 INFO [default] 查看所有菜品: 

2023-02-18 13:23:38,979 INFO [default] 查看所有菜品: 

2023-02-18 13:25:14,649 INFO [default] 查看所有菜品: 

2023-02-18 13:25:25,600 INFO [default] 查看所有菜品: 

2023-02-18 13:26:27,848 INFO [default] 查看所有菜品: 

2023-02-18 13:26:51,463 INFO [default] 查看所有菜品: 

2023-02-18 13:27:07,179 INFO [default] 查看所有菜品: 

2023-02-18 13:27:28,110 INFO [default] 查看所有菜品: 

2023-02-18 13:27:46,673 INFO [default] 查看所有菜品: 

2023-02-18 13:28:11,589 INFO [default] 查看所有菜品: 

2023-02-18 13:30:31,507 INFO [default] 查看所有菜品: 

2023-02-18 13:33:01,620 INFO [default] 查看所有菜品: 

2023-02-18 13:33:29,928 INFO [default] 查看所有菜品: 

2023-02-18 13:34:22,555 INFO [default] 查看所有菜品: 

2023-02-18 13:35:04,921 INFO [default] 查看所有菜品: 

2023-02-18 13:36:33,716 INFO [default] 查看所有菜品: 

2023-02-18 13:37:41,059 INFO [default] 查看所有菜品: 

2023-02-18 13:38:21,864 INFO [default] 查看所有菜品: 

2023-02-18 13:39:14,940 INFO [default] 查看所有菜品: 

2023-02-18 13:45:09,717 INFO [default] 查看所有菜品: 

2023-02-18 13:45:39,919 INFO [default] 查看所有菜品: 

2023-02-18 13:45:48,265 INFO [default] 查看所有菜品: 

2023-02-18 13:46:44,807 INFO [default] 查看所有菜品: 

2023-02-18 14:17:01,929 INFO [default] 删除指定菜品: 1

2023-02-18 14:17:22,454 INFO [default] 查看所有菜品: 

2023-02-18 14:18:35,125 INFO [default] 删除指定菜品: 4

2023-02-18 14:18:35,182 INFO [default] 删除指定菜品: 5

2023-02-18 14:18:35,236 INFO [default] 删除指定菜品: 6

2023-02-18 14:18:35,290 INFO [default] 删除指定菜品: 7

2023-02-18 14:18:35,341 INFO [default] 删除指定菜品: 9

2023-02-18 14:18:41,679 INFO [default] 查看所有菜品: 

2023-02-18 14:22:29,892 INFO [default] 新增菜品: {"name": "\u5bab\u4fdd\u9e21\u4e01", "price": 16, "number": 20}

2023-02-18 14:22:35,530 INFO [default] 查看所有菜品: 

2023-02-18 14:23:01,294 INFO [default] 新增菜品: {"name": "\u4eac\u9171\u8089\u4e1d", "price": 18, "number": 20}

2023-02-18 14:23:19,538 INFO [default] 新增菜品: {"name": "\u7ea2\u70e7\u8089", "price": 22, "number": 30}

2023-02-18 14:23:29,622 INFO [default] 查看所有菜品: 

2023-02-18 14:24:19,534 INFO [default] 查看所有菜品: 

2023-02-18 14:26:31,157 INFO [default] 修改菜品 11|{"name": "\u4eac\u9171\u8089\u4e1d", "price": 18, "number": 40}

2023-02-18 14:26:37,729 INFO [default] 查看所有菜品: 

2023-02-18 14:29:19,465 INFO [default] 新增订单: {"table_id": "1", "time": "2023-01-01 12:00", "dish_ids": ["10:12", "11:14"]}

2023-02-18 14:29:57,277 INFO [default] 查看所有订单: 

2023-02-18 14:29:57,278 INFO [default] 处理第 0 个订单 ing

2023-02-18 14:29:57,278 INFO [default] 处理第 0 个菜品

2023-02-18 14:29:57,282 ERROR [default] dish_id = 1 not found!

2023-02-18 14:29:57,282 INFO [default] 处理第 1 个菜品

2023-02-18 14:29:57,282 ERROR [default] dish_id = 4 not found!

2023-02-18 14:29:57,282 INFO [default] 处理第 1 个订单 ing

2023-02-18 14:29:57,282 INFO [default] 处理第 0 个菜品

2023-02-18 14:29:57,283 ERROR [default] dish_id = 1 not found!

2023-02-18 14:29:57,283 INFO [default] 处理第 1 个菜品

2023-02-18 14:29:57,283 ERROR [default] dish_id = 2 not found!

2023-02-18 14:29:57,283 INFO [default] 处理第 2 个订单 ing

2023-02-18 14:29:57,283 INFO [default] 处理第 0 个菜品

2023-02-18 14:29:57,285 INFO [default] 处理第 1 个菜品

2023-02-18 14:31:14,574 INFO [default] 查看所有订单: 

2023-02-18 14:31:14,576 INFO [default] 处理第 0 个订单 ing

2023-02-18 14:31:14,576 INFO [default] 处理第 0 个菜品

2023-02-18 14:31:14,577 ERROR [default] dish_id = 1 not found!

2023-02-18 14:31:14,577 INFO [default] 处理第 1 个菜品

2023-02-18 14:31:14,577 ERROR [default] dish_id = 4 not found!

2023-02-18 14:31:14,577 INFO [default] 处理第 1 个订单 ing

2023-02-18 14:31:14,577 INFO [default] 处理第 0 个菜品

2023-02-18 14:31:14,578 ERROR [default] dish_id = 1 not found!

2023-02-18 14:31:14,578 INFO [default] 处理第 1 个菜品

2023-02-18 14:31:14,578 ERROR [default] dish_id = 2 not found!

2023-02-18 14:31:14,578 INFO [default] 处理第 2 个订单 ing

2023-02-18 14:31:14,578 INFO [default] 处理第 0 个菜品

2023-02-18 14:31:14,579 INFO [default] 处理第 1 个菜品

2023-02-18 14:31:24,859 INFO [default] 新增订单: {"table_id": "2", "time": "2023-01-01 12:00", "dish_ids": ["10:12", "11:14"]}

2023-02-18 14:32:08,785 INFO [default] 新增订单: {"table_id": "2", "time": "2023-01-01 12:00", "dish_ids": ["10:2", "11:4"]}

2023-02-18 14:32:17,708 INFO [default] 查看所有订单: 

2023-02-18 14:32:17,709 INFO [default] 处理第 0 个订单 ing

2023-02-18 14:32:17,709 INFO [default] 处理第 0 个菜品

2023-02-18 14:32:17,710 ERROR [default] dish_id = 1 not found!

2023-02-18 14:32:17,710 INFO [default] 处理第 1 个菜品

2023-02-18 14:32:17,710 ERROR [default] dish_id = 4 not found!

2023-02-18 14:32:17,710 INFO [default] 处理第 1 个订单 ing

2023-02-18 14:32:17,710 INFO [default] 处理第 0 个菜品

2023-02-18 14:32:17,710 ERROR [default] dish_id = 1 not found!

2023-02-18 14:32:17,710 INFO [default] 处理第 1 个菜品

2023-02-18 14:32:17,711 ERROR [default] dish_id = 2 not found!

2023-02-18 14:32:17,711 INFO [default] 处理第 2 个订单 ing

2023-02-18 14:32:17,711 INFO [default] 处理第 0 个菜品

2023-02-18 14:32:17,711 INFO [default] 处理第 1 个菜品

2023-02-18 14:32:17,711 INFO [default] 处理第 3 个订单 ing

2023-02-18 14:32:17,711 INFO [default] 处理第 0 个菜品

2023-02-18 14:32:17,712 INFO [default] 处理第 1 个菜品

2023-02-18 14:43:33,021 INFO [default] 查看所有订单: 

2023-02-18 14:43:33,024 INFO [default] 处理第 0 个订单 ing

2023-02-18 14:43:33,024 INFO [default] 处理第 0 个菜品

2023-02-18 14:43:33,025 ERROR [default] dish_id = 1 not found!

2023-02-18 14:43:33,025 INFO [default] 处理第 1 个菜品

2023-02-18 14:43:33,025 ERROR [default] dish_id = 4 not found!

2023-02-18 14:43:33,025 INFO [default] 处理第 1 个订单 ing

2023-02-18 14:43:33,025 INFO [default] 处理第 0 个菜品

2023-02-18 14:43:33,026 ERROR [default] dish_id = 1 not found!

2023-02-18 14:43:33,026 INFO [default] 处理第 1 个菜品

2023-02-18 14:43:33,027 ERROR [default] dish_id = 2 not found!

2023-02-18 14:43:33,027 INFO [default] 处理第 2 个订单 ing

2023-02-18 14:43:33,027 INFO [default] 处理第 0 个菜品

2023-02-18 14:43:33,027 INFO [default] 处理第 1 个菜品

2023-02-18 14:43:33,028 INFO [default] 处理第 3 个订单 ing

2023-02-18 14:43:33,028 INFO [default] 处理第 0 个菜品

2023-02-18 14:43:33,028 INFO [default] 处理第 1 个菜品

2023-02-18 14:44:08,936 INFO [default] 查看所有菜品: 

2023-02-18 15:30:29,080 INFO [default] 查看所有订单: 

2023-02-18 15:30:29,158 INFO [default] 处理第 0 个订单 ing

2023-02-18 15:30:29,158 INFO [default] 处理第 0 个菜品

2023-02-18 15:30:29,167 ERROR [default] dish_id = 1 not found!

2023-02-18 15:30:29,167 INFO [default] 处理第 1 个菜品

2023-02-18 15:30:29,168 ERROR [default] dish_id = 4 not found!

2023-02-18 15:30:29,168 INFO [default] 处理第 1 个订单 ing

2023-02-18 15:30:29,168 INFO [default] 处理第 0 个菜品

2023-02-18 15:30:29,168 ERROR [default] dish_id = 1 not found!

2023-02-18 15:30:29,168 INFO [default] 处理第 1 个菜品

2023-02-18 15:30:29,169 ERROR [default] dish_id = 2 not found!

2023-02-18 15:30:29,169 INFO [default] 处理第 2 个订单 ing

2023-02-18 15:30:29,169 INFO [default] 处理第 0 个菜品

2023-02-18 15:30:29,170 INFO [default] 处理第 1 个菜品

2023-02-18 15:30:29,171 INFO [default] 处理第 3 个订单 ing

2023-02-18 15:30:29,171 INFO [default] 处理第 0 个菜品

2023-02-18 15:30:29,171 INFO [default] 处理第 1 个菜品

